Determining if the pthread_create exist failed with the following output:
Change Dir: /home/pi/got2/libwallaby-v25.2/libwallaby-25.3/obj-arm-linux-gnueabihf/CMakeFiles/CMakeTmp

Run Build Command:"/usr/bin/make" "cmTryCompileExec1850044407/fast"
make[1]: Entering directory '/home/pi/got2/libwallaby-v25.2/libwallaby-25.3/obj-arm-linux-gnueabihf/CMakeFiles/CMakeTmp'
/usr/bin/make -f CMakeFiles/cmTryCompileExec1850044407.dir/build.make CMakeFiles/cmTryCompileExec1850044407.dir/build
make[2]: Entering directory '/home/pi/got2/libwallaby-v25.2/libwallaby-25.3/obj-arm-linux-gnueabihf/CMakeFiles/CMakeTmp'
/usr/bin/cmake -E cmake_progress_report /home/pi/got2/libwallaby-v25.2/libwallaby-25.3/obj-arm-linux-gnueabihf/CMakeFiles/CMakeTmp/CMakeFiles 1
Building C object CMakeFiles/cmTryCompileExec1850044407.dir/CheckSymbolExists.c.o
/usr/bin/cc   -g -O2 -fstack-protector-strong -Wformat -Werror=format-security -D_FORTIFY_SOURCE=2     -o CMakeFiles/cmTryCompileExec1850044407.dir/CheckSymbolExists.c.o   -c /home/pi/got2/libwallaby-v25.2/libwallaby-25.3/obj-arm-linux-gnueabihf/CMakeFiles/CMakeTmp/CheckSymbolExists.c
Linking C executable cmTryCompileExec1850044407
/usr/bin/cmake -E cmake_link_script CMakeFiles/cmTryCompileExec1850044407.dir/link.txt --verbose=1
/usr/bin/cc  -g -O2 -fstack-protector-strong -Wformat -Werror=format-security -D_FORTIFY_SOURCE=2     -Wl,-z,relro CMakeFiles/cmTryCompileExec1850044407.dir/CheckSymbolExists.c.o  -o cmTryCompileExec1850044407 -rdynamic 
CMakeFiles/cmTryCompileExec1850044407.dir/CheckSymbolExists.c.o: In function `main':
/home/pi/got2/libwallaby-v25.2/libwallaby-25.3/obj-arm-linux-gnueabihf/CMakeFiles/CMakeTmp/CheckSymbolExists.c:13: undefined reference to `pthread_create'
collect2: error: ld returned 1 exit status
CMakeFiles/cmTryCompileExec1850044407.dir/build.make:88: recipe for target 'cmTryCompileExec1850044407' failed
make[2]: Leaving directory '/home/pi/got2/libwallaby-v25.2/libwallaby-25.3/obj-arm-linux-gnueabihf/CMakeFiles/CMakeTmp'
make[2]: *** [cmTryCompileExec1850044407] Error 1
Makefile:118: recipe for target 'cmTryCompileExec1850044407/fast' failed
make[1]: *** [cmTryCompileExec1850044407/fast] Error 2
make[1]: Leaving directory '/home/pi/got2/libwallaby-v25.2/libwallaby-25.3/obj-arm-linux-gnueabihf/CMakeFiles/CMakeTmp'

File /home/pi/got2/libwallaby-v25.2/libwallaby-25.3/obj-arm-linux-gnueabihf/CMakeFiles/CMakeTmp/CheckSymbolExists.c:
/* */
#include <pthread.h>

int main(int argc, char** argv)
{
  (void)argv;
#ifndef pthread_create
  return ((int*)(&pthread_create))[argc];
#else
  (void)argc;
  return 0;
#endif
}

Determining if the function pthread_create exists in the pthreads failed with the following output:
Change Dir: /home/pi/got2/libwallaby-v25.2/libwallaby-25.3/obj-arm-linux-gnueabihf/CMakeFiles/CMakeTmp

Run Build Command:"/usr/bin/make" "cmTryCompileExec2693388586/fast"
make[1]: Entering directory '/home/pi/got2/libwallaby-v25.2/libwallaby-25.3/obj-arm-linux-gnueabihf/CMakeFiles/CMakeTmp'
/usr/bin/make -f CMakeFiles/cmTryCompileExec2693388586.dir/build.make CMakeFiles/cmTryCompileExec2693388586.dir/build
make[2]: Entering directory '/home/pi/got2/libwallaby-v25.2/libwallaby-25.3/obj-arm-linux-gnueabihf/CMakeFiles/CMakeTmp'
/usr/bin/cmake -E cmake_progress_report /home/pi/got2/libwallaby-v25.2/libwallaby-25.3/obj-arm-linux-gnueabihf/CMakeFiles/CMakeTmp/CMakeFiles 1
Building C object CMakeFiles/cmTryCompileExec2693388586.dir/CheckFunctionExists.c.o
/usr/bin/cc   -g -O2 -fstack-protector-strong -Wformat -Werror=format-security -D_FORTIFY_SOURCE=2  -DCHECK_FUNCTION_EXISTS=pthread_create   -o CMakeFiles/cmTryCompileExec2693388586.dir/CheckFunctionExists.c.o   -c /usr/share/cmake-3.0/Modules/CheckFunctionExists.c
Linking C executable cmTryCompileExec2693388586
/usr/bin/cmake -E cmake_link_script CMakeFiles/cmTryCompileExec2693388586.dir/link.txt --verbose=1
/usr/bin/cc  -g -O2 -fstack-protector-strong -Wformat -Werror=format-security -D_FORTIFY_SOURCE=2  -DCHECK_FUNCTION_EXISTS=pthread_create   -Wl,-z,relro CMakeFiles/cmTryCompileExec2693388586.dir/CheckFunctionExists.c.o  -o cmTryCompileExec2693388586 -rdynamic -lpthreads 
/usr/bin/ld: cannot find -lpthreads
collect2: error: ld returned 1 exit status
CMakeFiles/cmTryCompileExec2693388586.dir/build.make:88: recipe for target 'cmTryCompileExec2693388586' failed
make[2]: Leaving directory '/home/pi/got2/libwallaby-v25.2/libwallaby-25.3/obj-arm-linux-gnueabihf/CMakeFiles/CMakeTmp'
make[2]: *** [cmTryCompileExec2693388586] Error 1
Makefile:118: recipe for target 'cmTryCompileExec2693388586/fast' failed
make[1]: *** [cmTryCompileExec2693388586/fast] Error 2
make[1]: Leaving directory '/home/pi/got2/libwallaby-v25.2/libwallaby-25.3/obj-arm-linux-gnueabihf/CMakeFiles/CMakeTmp'


